C:\Program Files\Microsoft Visual Studio\2022\Community\MSBuild\Microsoft\VC\v170\Microsoft.CppBuild.targets(517,5): warning MSB8028: The intermediate directory (x64\Debug\) contains files shared from another project (Main_Branch_22_06.vcxproj).  This can lead to incorrect clean and rebuild behavior.
  game.cpp
C:\Users\alppk\Desktop\Alp_Game\boogie_man\Alpino\game.h(83,35): warning C4244: '=': conversion from 'int' to 'float', possible loss of data
C:\Users\alppk\Desktop\Alp_Game\boogie_man\Alpino\game.h(84,37): warning C4244: '=': conversion from 'int' to 'float', possible loss of data
C:\Users\alppk\Desktop\Alp_Game\boogie_man\Alpino\game.h(85,51): warning C4244: '=': conversion from 'int' to 'float', possible loss of data
C:\Users\alppk\Desktop\Alp_Game\boogie_man\Alpino\game.h(87,51): warning C4244: '=': conversion from 'int' to 'float', possible loss of data
C:\Users\alppk\Desktop\Alp_Game\boogie_man\Alpino\game.h(90,1): warning C4305: '=': truncation from 'double' to 'float'
C:\Users\alppk\Desktop\Alp_Game\boogie_man\Alpino\game.h(116,28): warning C4244: 'initializing': conversion from 'int' to 'float', possible loss of data
C:\Users\alppk\Desktop\Alp_Game\boogie_man\Alpino\game.h(117,27): warning C4244: 'initializing': conversion from 'int' to 'float', possible loss of data
C:\Users\alppk\Desktop\Alp_Game\boogie_man\Alpino\game.h(185,21): warning C4018: '<': signed/unsigned mismatch
C:\Users\alppk\Desktop\Alp_Game\boogie_man\Alpino\game.cpp(36,2): warning C4305: 'initializing': truncation from 'double' to 'float'
C:\Users\alppk\Desktop\Alp_Game\boogie_man\Alpino\game.cpp(99,32): warning C4244: '+=': conversion from 'float' to 'int', possible loss of data
C:\Users\alppk\Desktop\Alp_Game\boogie_man\Alpino\game.cpp(177,44): warning C4244: '=': conversion from 'int' to 'float', possible loss of data
  GameHandler.cpp
C:\Users\alppk\Desktop\Alp_Game\boogie_man\Alpino\game.h(83,35): warning C4244: '=': conversion from 'int' to 'float', possible loss of data
C:\Users\alppk\Desktop\Alp_Game\boogie_man\Alpino\game.h(84,37): warning C4244: '=': conversion from 'int' to 'float', possible loss of data
C:\Users\alppk\Desktop\Alp_Game\boogie_man\Alpino\game.h(85,51): warning C4244: '=': conversion from 'int' to 'float', possible loss of data
C:\Users\alppk\Desktop\Alp_Game\boogie_man\Alpino\game.h(87,51): warning C4244: '=': conversion from 'int' to 'float', possible loss of data
C:\Users\alppk\Desktop\Alp_Game\boogie_man\Alpino\game.h(90,1): warning C4305: '=': truncation from 'double' to 'float'
C:\Users\alppk\Desktop\Alp_Game\boogie_man\Alpino\game.h(116,28): warning C4244: 'initializing': conversion from 'int' to 'float', possible loss of data
C:\Users\alppk\Desktop\Alp_Game\boogie_man\Alpino\game.h(117,27): warning C4244: 'initializing': conversion from 'int' to 'float', possible loss of data
C:\Users\alppk\Desktop\Alp_Game\boogie_man\Alpino\game.h(185,21): warning C4018: '<': signed/unsigned mismatch
C:\Users\alppk\Desktop\Alp_Game\boogie_man\GameHandler.cpp(31,22): warning C4244: '=': conversion from 'int' to 'float', possible loss of data
C:\Users\alppk\Desktop\Alp_Game\boogie_man\GameHandler.cpp(32,23): warning C4244: '=': conversion from 'int' to 'float', possible loss of data
C:\Users\alppk\Desktop\Alp_Game\boogie_man\GameHandler.cpp(194,20): warning C4244: '=': conversion from 'int' to 'float', possible loss of data
C:\Users\alppk\Desktop\Alp_Game\boogie_man\GameHandler.cpp(195,21): warning C4244: '=': conversion from 'int' to 'float', possible loss of data
C:\Users\alppk\Desktop\Alp_Game\boogie_man\GameHandler.cpp(199,36): warning C4244: '=': conversion from 'int' to 'float', possible loss of data
C:\Users\alppk\Desktop\Alp_Game\boogie_man\GameHandler.cpp(200,38): warning C4244: '=': conversion from 'int' to 'float', possible loss of data
  Generating Code...
  boogie_man.vcxproj -> C:\Users\alppk\Desktop\Alp_Game\x64\Debug\boogie_man.exe
